{"contracts/PaymentModule.sol":{"l":{"18":3,"19":3,"20":3,"24":2,"25":2,"26":2,"35":26,"36":26,"37":22,"38":20,"40":20,"41":25,"44":20,"48":26,"50":24,"51":33,"53":22,"57":22,"59":20,"60":25,"63":20,"64":21,"65":20,"66":20,"67":20,"71":20,"75":1,"76":1,"80":1,"90":25,"92":25,"94":25,"96":23,"98":21,"99":21,"100":29,"102":19,"111":6,"112":4,"116":1,"120":4,"132":11,"134":9,"136":7,"138":5,"139":5,"140":7,"142":5,"147":4,"148":4},"path":"/home/svm/src/treetrunk-nft/solidity/contracts/PaymentModule.sol","s":{"1":3,"2":3,"3":3,"4":2,"5":2,"6":2,"7":26,"8":26,"9":22,"10":20,"11":20,"12":25,"13":20,"14":26,"15":2,"16":24,"17":33,"18":2,"19":22,"20":22,"21":20,"22":25,"23":20,"24":21,"25":20,"26":20,"27":1,"28":1,"29":1,"30":25,"31":25,"32":25,"33":23,"34":21,"35":21,"36":29,"37":19,"38":6,"39":4,"40":1,"41":4,"42":3,"43":1,"44":11,"45":9,"46":7,"47":5,"48":5,"49":7,"50":5,"51":4},"b":{"1":[3,0],"2":[2,0],"3":[26,0],"4":[22,4],"5":[20,2],"6":[2,24],"7":[2,31],"8":[20,2],"9":[20,1],"10":[1,0],"11":[25,0],"12":[25,0],"13":[23,2],"14":[21,2],"15":[27,2],"16":[4,2],"17":[3,1],"18":[9,2],"19":[7,2],"20":[5,2],"21":[7,0],"22":[4,0]},"f":{"1":3,"2":2,"3":26,"4":26,"5":22,"6":1,"7":1,"8":25,"9":6,"10":1,"11":4,"12":11,"13":4},"fnMap":{"1":{"name":"constructor","line":17,"loc":{"start":{"line":17,"column":4},"end":{"line":21,"column":4}}},"2":{"name":"updatelistinglimit","line":23,"loc":{"start":{"line":23,"column":4},"end":{"line":27,"column":4}}},"3":{"name":"addListNFT","line":34,"loc":{"start":{"line":29,"column":4},"end":{"line":45,"column":4}}},"4":{"name":"existsInListNFT","line":47,"loc":{"start":{"line":47,"column":4},"end":{"line":54,"column":4}}},"5":{"name":"removeListNFT","line":56,"loc":{"start":{"line":56,"column":4},"end":{"line":72,"column":4}}},"6":{"name":"getListNFT","line":74,"loc":{"start":{"line":74,"column":4},"end":{"line":77,"column":4}}},"7":{"name":"getAllListNFT","line":79,"loc":{"start":{"line":79,"column":4},"end":{"line":81,"column":4}}},"8":{"name":"isValidPaymentMetadata","line":83,"loc":{"start":{"line":83,"column":4},"end":{"line":103,"column":4}}},"9":{"name":"addRegisterPayment","line":110,"loc":{"start":{"line":105,"column":4},"end":{"line":113,"column":4}}},"10":{"name":"getRegisterPayment","line":115,"loc":{"start":{"line":115,"column":4},"end":{"line":117,"column":4}}},"11":{"name":"checkRegisterPayment","line":119,"loc":{"start":{"line":119,"column":4},"end":{"line":122,"column":4}}},"12":{"name":"checkRegisterPayment","line":126,"loc":{"start":{"line":126,"column":4},"end":{"line":143,"column":4}}},"13":{"name":"removeRegisterPayment","line":146,"loc":{"start":{"line":146,"column":4},"end":{"line":149,"column":4}}}},"statementMap":{"1":{"start":{"line":18,"column":8},"end":{"line":18,"column":31}},"2":{"start":{"line":19,"column":8},"end":{"line":19,"column":62}},"3":{"start":{"line":20,"column":8},"end":{"line":20,"column":43}},"4":{"start":{"line":24,"column":8},"end":{"line":24,"column":62}},"5":{"start":{"line":25,"column":8},"end":{"line":25,"column":43}},"6":{"start":{"line":26,"column":8},"end":{"line":26,"column":19}},"7":{"start":{"line":35,"column":8},"end":{"line":35,"column":51}},"8":{"start":{"line":36,"column":8},"end":{"line":36,"column":60}},"9":{"start":{"line":37,"column":8},"end":{"line":37,"column":76}},"10":{"start":{"line":38,"column":8},"end":{"line":38,"column":119}},"11":{"start":{"line":40,"column":8},"end":{"line":40,"column":1671}},"12":{"start":{"line":41,"column":12},"end":{"line":41,"column":40}},"13":{"start":{"line":44,"column":8},"end":{"line":44,"column":38}},"14":{"start":{"line":48,"column":8},"end":{"line":48,"column":68}},"15":{"start":{"line":48,"column":57},"end":{"line":48,"column":68}},"16":{"start":{"line":50,"column":8},"end":{"line":50,"column":2020}},"17":{"start":{"line":51,"column":12},"end":{"line":51,"column":51}},"18":{"start":{"line":51,"column":40},"end":{"line":51,"column":51}},"19":{"start":{"line":53,"column":8},"end":{"line":53,"column":20}},"20":{"start":{"line":57,"column":8},"end":{"line":57,"column":96}},"21":{"start":{"line":59,"column":8},"end":{"line":59,"column":2361}},"22":{"start":{"line":60,"column":12},"end":{"line":60,"column":64}},"23":{"start":{"line":63,"column":8},"end":{"line":63,"column":2545}},"24":{"start":{"line":64,"column":12},"end":{"line":64,"column":2614}},"25":{"start":{"line":65,"column":16},"end":{"line":65,"column":73}},"26":{"start":{"line":66,"column":16},"end":{"line":66,"column":34}},"27":{"start":{"line":75,"column":8},"end":{"line":75,"column":76}},"28":{"start":{"line":76,"column":8},"end":{"line":76,"column":33}},"29":{"start":{"line":80,"column":8},"end":{"line":80,"column":28}},"30":{"start":{"line":90,"column":8},"end":{"line":90,"column":80}},"31":{"start":{"line":92,"column":8},"end":{"line":92,"column":89}},"32":{"start":{"line":94,"column":8},"end":{"line":94,"column":77}},"33":{"start":{"line":96,"column":8},"end":{"line":96,"column":122}},"34":{"start":{"line":98,"column":8},"end":{"line":98,"column":75}},"35":{"start":{"line":99,"column":8},"end":{"line":99,"column":4081}},"36":{"start":{"line":100,"column":12},"end":{"line":100,"column":87}},"37":{"start":{"line":102,"column":8},"end":{"line":102,"column":19}},"38":{"start":{"line":111,"column":8},"end":{"line":111,"column":100}},"39":{"start":{"line":112,"column":8},"end":{"line":112,"column":137}},"40":{"start":{"line":116,"column":8},"end":{"line":116,"column":41}},"41":{"start":{"line":120,"column":8},"end":{"line":120,"column":4979}},"42":{"start":{"line":120,"column":55},"end":{"line":120,"column":96}},"43":{"start":{"line":121,"column":13},"end":{"line":121,"column":21}},"44":{"start":{"line":132,"column":8},"end":{"line":132,"column":90}},"45":{"start":{"line":134,"column":8},"end":{"line":134,"column":86}},"46":{"start":{"line":136,"column":8},"end":{"line":136,"column":105}},"47":{"start":{"line":138,"column":8},"end":{"line":138,"column":75}},"48":{"start":{"line":139,"column":8},"end":{"line":139,"column":5877}},"49":{"start":{"line":140,"column":12},"end":{"line":140,"column":77}},"50":{"start":{"line":142,"column":8},"end":{"line":142,"column":19}},"51":{"start":{"line":147,"column":8},"end":{"line":147,"column":86}}},"branchMap":{"1":{"line":19,"type":"if","locations":[{"start":{"line":19,"column":8},"end":{"line":19,"column":8}},{"start":{"line":19,"column":8},"end":{"line":19,"column":8}}]},"2":{"line":24,"type":"if","locations":[{"start":{"line":24,"column":8},"end":{"line":24,"column":8}},{"start":{"line":24,"column":8},"end":{"line":24,"column":8}}]},"3":{"line":35,"type":"if","locations":[{"start":{"line":35,"column":8},"end":{"line":35,"column":8}},{"start":{"line":35,"column":8},"end":{"line":35,"column":8}}]},"4":{"line":36,"type":"if","locations":[{"start":{"line":36,"column":8},"end":{"line":36,"column":8}},{"start":{"line":36,"column":8},"end":{"line":36,"column":8}}]},"5":{"line":37,"type":"if","locations":[{"start":{"line":37,"column":8},"end":{"line":37,"column":8}},{"start":{"line":37,"column":8},"end":{"line":37,"column":8}}]},"6":{"line":48,"type":"if","locations":[{"start":{"line":48,"column":8},"end":{"line":48,"column":8}},{"start":{"line":48,"column":8},"end":{"line":48,"column":8}}]},"7":{"line":51,"type":"if","locations":[{"start":{"line":51,"column":12},"end":{"line":51,"column":12}},{"start":{"line":51,"column":12},"end":{"line":51,"column":12}}]},"8":{"line":57,"type":"if","locations":[{"start":{"line":57,"column":8},"end":{"line":57,"column":8}},{"start":{"line":57,"column":8},"end":{"line":57,"column":8}}]},"9":{"line":64,"type":"if","locations":[{"start":{"line":64,"column":12},"end":{"line":64,"column":12}},{"start":{"line":64,"column":12},"end":{"line":64,"column":12}}]},"10":{"line":75,"type":"if","locations":[{"start":{"line":75,"column":8},"end":{"line":75,"column":8}},{"start":{"line":75,"column":8},"end":{"line":75,"column":8}}]},"11":{"line":90,"type":"if","locations":[{"start":{"line":90,"column":8},"end":{"line":90,"column":8}},{"start":{"line":90,"column":8},"end":{"line":90,"column":8}}]},"12":{"line":92,"type":"if","locations":[{"start":{"line":92,"column":8},"end":{"line":92,"column":8}},{"start":{"line":92,"column":8},"end":{"line":92,"column":8}}]},"13":{"line":94,"type":"if","locations":[{"start":{"line":94,"column":8},"end":{"line":94,"column":8}},{"start":{"line":94,"column":8},"end":{"line":94,"column":8}}]},"14":{"line":96,"type":"if","locations":[{"start":{"line":96,"column":8},"end":{"line":96,"column":8}},{"start":{"line":96,"column":8},"end":{"line":96,"column":8}}]},"15":{"line":100,"type":"if","locations":[{"start":{"line":100,"column":12},"end":{"line":100,"column":12}},{"start":{"line":100,"column":12},"end":{"line":100,"column":12}}]},"16":{"line":111,"type":"if","locations":[{"start":{"line":111,"column":8},"end":{"line":111,"column":8}},{"start":{"line":111,"column":8},"end":{"line":111,"column":8}}]},"17":{"line":120,"type":"if","locations":[{"start":{"line":120,"column":8},"end":{"line":120,"column":8}},{"start":{"line":120,"column":8},"end":{"line":120,"column":8}}]},"18":{"line":132,"type":"if","locations":[{"start":{"line":132,"column":8},"end":{"line":132,"column":8}},{"start":{"line":132,"column":8},"end":{"line":132,"column":8}}]},"19":{"line":134,"type":"if","locations":[{"start":{"line":134,"column":8},"end":{"line":134,"column":8}},{"start":{"line":134,"column":8},"end":{"line":134,"column":8}}]},"20":{"line":136,"type":"if","locations":[{"start":{"line":136,"column":8},"end":{"line":136,"column":8}},{"start":{"line":136,"column":8},"end":{"line":136,"column":8}}]},"21":{"line":140,"type":"if","locations":[{"start":{"line":140,"column":12},"end":{"line":140,"column":12}},{"start":{"line":140,"column":12},"end":{"line":140,"column":12}}]},"22":{"line":147,"type":"if","locations":[{"start":{"line":147,"column":8},"end":{"line":147,"column":8}},{"start":{"line":147,"column":8},"end":{"line":147,"column":8}}]}}},"contracts/RoyaltyBearingToken.sol":{"l":{"31":3,"32":3,"33":3,"34":3,"35":3,"37":3,"38":3,"40":3,"41":9,"45":3,"49":1,"50":1,"51":1,"52":1,"53":1,"58":2,"59":2,"64":3,"65":3,"71":5,"72":3,"73":3,"77":1,"89":0,"92":0,"93":0,"95":0,"97":0,"98":0,"105":3,"106":1,"107":1,"116":646,"118":646,"122":9,"123":9,"124":3,"126":6,"128":9,"130":9,"131":9,"132":9,"136":1,"151":34,"152":34,"160":16,"161":16,"163":16,"183":51,"184":49,"186":47,"187":45,"190":43,"193":41,"194":650,"197":650,"200":648,"201":1,"205":648,"208":648,"209":638,"212":636,"213":636,"214":636,"216":636,"217":636,"223":646,"226":646,"230":646,"233":646,"236":646,"239":646,"240":645,"244":646,"251":5,"252":3,"253":1,"255":1,"260":2,"264":1,"268":3,"269":1,"273":3,"274":1,"282":647,"286":1,"290":1,"294":7,"295":5,"296":5,"298":3,"300":1,"302":1,"303":1,"305":1,"306":1,"308":1,"309":1,"310":1,"320":1,"328":2,"332":38,"336":55,"349":32,"350":47,"351":43,"354":26,"355":20,"359":5,"360":3,"361":1,"365":41,"366":58,"367":56,"381":37,"382":37,"383":35,"384":33,"385":27,"386":22,"389":21,"390":21,"391":21,"393":21,"394":21,"396":19,"399":19,"400":19,"404":19,"405":5,"410":14,"413":14,"416":17,"424":3,"425":3,"429":1,"430":1,"431":1,"433":1,"435":0,"436":0,"439":1,"440":1,"442":1,"444":1,"455":19,"466":19,"467":17,"468":15,"469":13,"472":11,"474":5,"476":3,"480":3,"483":3,"494":19,"499":19,"501":19,"503":3,"507":19,"509":19,"511":24,"515":24,"519":24,"523":24,"524":24,"527":24,"530":19,"538":3,"540":3,"542":3,"544":3,"546":1,"549":2,"552":2,"555":0,"566":12,"567":6,"577":30,"578":26,"580":26,"581":5,"582":5,"586":21,"587":21,"590":26,"592":26},"path":"/home/svm/src/treetrunk-nft/solidity/contracts/RoyaltyBearingToken.sol","s":{"1":3,"2":3,"3":3,"4":3,"5":3,"6":3,"7":3,"8":3,"9":9,"10":3,"11":1,"12":1,"13":1,"14":1,"15":1,"16":2,"17":2,"18":3,"19":3,"20":5,"21":3,"22":3,"23":1,"24":0,"25":0,"26":0,"27":0,"28":0,"29":0,"30":3,"31":1,"32":1,"33":646,"34":646,"35":9,"36":9,"37":3,"38":6,"39":9,"40":9,"41":9,"42":9,"43":1,"44":34,"45":34,"46":16,"47":16,"48":16,"49":51,"50":49,"51":47,"52":45,"53":43,"54":41,"55":650,"56":650,"57":648,"58":1,"59":648,"60":648,"61":638,"62":636,"63":636,"64":636,"65":636,"66":636,"67":646,"68":646,"69":646,"70":646,"71":646,"72":646,"73":645,"74":646,"75":5,"76":3,"77":1,"78":1,"79":2,"80":1,"81":3,"82":1,"83":3,"84":1,"85":647,"86":1,"87":1,"88":7,"89":5,"90":5,"91":3,"92":1,"93":1,"94":1,"95":1,"96":1,"97":1,"98":1,"99":2,"100":38,"101":55,"102":32,"103":47,"104":43,"105":26,"106":20,"107":5,"108":3,"109":1,"110":41,"111":58,"112":56,"113":37,"114":37,"115":35,"116":33,"117":27,"118":22,"119":21,"120":21,"121":21,"122":21,"123":19,"124":19,"125":19,"126":19,"127":5,"128":14,"129":14,"130":14,"131":17,"132":3,"133":3,"134":1,"135":1,"136":1,"137":1,"138":0,"139":0,"140":1,"141":1,"142":1,"143":1,"144":19,"145":19,"146":17,"147":15,"148":13,"149":11,"150":5,"151":3,"152":3,"153":3,"154":19,"155":19,"156":19,"157":3,"158":19,"159":19,"160":24,"161":24,"162":24,"163":24,"164":24,"165":24,"166":24,"167":19,"168":3,"169":3,"170":3,"171":3,"172":1,"173":2,"174":2,"175":2,"176":0,"177":12,"178":6,"179":30,"180":26,"181":26,"182":5,"183":5,"184":21,"185":21,"186":26,"187":26},"b":{"1":[3,0],"2":[1,0],"3":[1,0],"4":[2,0],"5":[3,0],"6":[3,2],"7":[0,0],"8":[0,0],"9":[1,2],"10":[646,0],"11":[9,0],"12":[3,6],"13":[6,0],"14":[9,0],"15":[34,0],"16":[49,2],"17":[47,2],"18":[45,2],"19":[43,2],"20":[41,2],"21":[648,2],"22":[1,647],"23":[638,10],"24":[636,2],"25":[636,0],"26":[636,0],"27":[645,1],"28":[3,2],"29":[1,2],"30":[1,2],"31":[1,2],"32":[5,2],"33":[5,0],"34":[3,2],"35":[1,0],"36":[43,4],"37":[41,2],"38":[3,2],"39":[56,2],"40":[50,6],"41":[37,0],"42":[35,2],"43":[33,2],"44":[22,5],"45":[21,0],"46":[19,2],"47":[19,0],"48":[5,14],"49":[14,0],"50":[3,0],"51":[1,0],"52":[0,1],"53":[0,0],"54":[1,0],"55":[17,2],"56":[15,2],"57":[13,2],"58":[11,2],"59":[5,6],"60":[3,0],"61":[19,0],"62":[3,16],"63":[3,0],"64":[24,0],"65":[1,2],"66":[2,0],"67":[6,6],"68":[5,21],"69":[5,0],"70":[21,0]},"f":{"1":3,"2":1,"3":2,"4":3,"5":5,"6":1,"7":0,"8":3,"9":646,"10":9,"11":1,"12":34,"13":16,"14":51,"15":5,"16":2,"17":1,"18":3,"19":3,"20":647,"21":1,"22":1,"23":7,"24":1,"25":2,"26":38,"27":55,"28":32,"29":5,"30":41,"31":37,"32":3,"33":1,"34":19,"35":19,"36":3,"37":12,"38":30},"fnMap":{"1":{"name":"constructor","line":30,"loc":{"start":{"line":22,"column":4},"end":{"line":46,"column":4}}},"2":{"name":"init","line":48,"loc":{"start":{"line":48,"column":4},"end":{"line":54,"column":4}}},"3":{"name":"updatelistinglimit","line":56,"loc":{"start":{"line":56,"column":4},"end":{"line":60,"column":4}}},"4":{"name":"updateRAccountLimits","line":62,"loc":{"start":{"line":62,"column":4},"end":{"line":66,"column":4}}},"5":{"name":"updateMaxGenerations","line":69,"loc":{"start":{"line":69,"column":4},"end":{"line":74,"column":4}}},"6":{"name":"getModules","line":76,"loc":{"start":{"line":76,"column":4},"end":{"line":78,"column":4}}},"7":{"name":"delegateAuthority","line":81,"loc":{"start":{"line":81,"column":4},"end":{"line":99,"column":4}}},"8":{"name":"setFunctionSignature","line":104,"loc":{"start":{"line":104,"column":4},"end":{"line":108,"column":4}}},"9":{"name":"onERC721Received","line":110,"loc":{"start":{"line":110,"column":4},"end":{"line":119,"column":4}}},"10":{"name":"addAllowedTokenType","line":121,"loc":{"start":{"line":121,"column":4},"end":{"line":133,"column":4}}},"11":{"name":"getAllowedTokens","line":135,"loc":{"start":{"line":135,"column":4},"end":{"line":137,"column":4}}},"12":{"name":"getRoyaltyAccount","line":141,"loc":{"start":{"line":141,"column":4},"end":{"line":153,"column":4}}},"13":{"name":"updateRoyaltyAccount","line":159,"loc":{"start":{"line":159,"column":4},"end":{"line":164,"column":4}}},"14":{"name":"mint","line":178,"loc":{"start":{"line":178,"column":4},"end":{"line":246,"column":4}}},"15":{"name":"updateMaxChildren","line":249,"loc":{"start":{"line":249,"column":4},"end":{"line":256,"column":4}}},"16":{"name":"tokenURI","line":259,"loc":{"start":{"line":259,"column":4},"end":{"line":261,"column":4}}},"17":{"name":"_baseURI","line":263,"loc":{"start":{"line":263,"column":4},"end":{"line":265,"column":4}}},"18":{"name":"pause","line":267,"loc":{"start":{"line":267,"column":4},"end":{"line":270,"column":4}}},"19":{"name":"unpause","line":272,"loc":{"start":{"line":272,"column":4},"end":{"line":275,"column":4}}},"20":{"name":"_beforeTokenTransfer","line":277,"loc":{"start":{"line":277,"column":4},"end":{"line":283,"column":4}}},"21":{"name":"supportsInterface","line":285,"loc":{"start":{"line":285,"column":4},"end":{"line":287,"column":4}}},"22":{"name":"_burn","line":289,"loc":{"start":{"line":289,"column":4},"end":{"line":291,"column":4}}},"23":{"name":"burn","line":293,"loc":{"start":{"line":293,"column":4},"end":{"line":313,"column":4}}},"24":{"name":"transferFrom","line":315,"loc":{"start":{"line":315,"column":4},"end":{"line":321,"column":4}}},"25":{"name":"safeTransferFrom","line":323,"loc":{"start":{"line":323,"column":4},"end":{"line":329,"column":4}}},"26":{"name":"_getTokenBalance","line":331,"loc":{"start":{"line":331,"column":4},"end":{"line":333,"column":4}}},"27":{"name":"_isEthToken","line":335,"loc":{"start":{"line":335,"column":4},"end":{"line":337,"column":4}}},"28":{"name":"listNFT","line":340,"loc":{"start":{"line":340,"column":4},"end":{"line":356,"column":4}}},"29":{"name":"removeNFTListing","line":358,"loc":{"start":{"line":358,"column":4},"end":{"line":362,"column":4}}},"30":{"name":"_requireExistsAndOwned","line":364,"loc":{"start":{"line":364,"column":4},"end":{"line":369,"column":4}}},"31":{"name":"executePayment","line":373,"loc":{"start":{"line":373,"column":4},"end":{"line":417,"column":4}}},"32":{"name":"checkPayment","line":419,"loc":{"start":{"line":419,"column":4},"end":{"line":426,"column":4}}},"33":{"name":"reversePayment","line":428,"loc":{"start":{"line":428,"column":4},"end":{"line":445,"column":4}}},"34":{"name":"safeTransferFrom","line":448,"loc":{"start":{"line":448,"column":4},"end":{"line":484,"column":4}}},"35":{"name":"_safeTransferFrom","line":487,"loc":{"start":{"line":487,"column":4},"end":{"line":531,"column":4}}},"36":{"name":null,"line":536,"loc":{"start":{"line":536,"column":4},"end":{"line":557,"column":4}}},"37":{"name":"royaltyPayOut","line":560,"loc":{"start":{"line":560,"column":4},"end":{"line":568,"column":4}}},"38":{"name":"_royaltyPayOut","line":571,"loc":{"start":{"line":571,"column":4},"end":{"line":593,"column":4}}}},"statementMap":{"1":{"start":{"line":31,"column":8},"end":{"line":31,"column":35}},"2":{"start":{"line":32,"column":8},"end":{"line":32,"column":51}},"3":{"start":{"line":33,"column":8},"end":{"line":33,"column":44}},"4":{"start":{"line":34,"column":8},"end":{"line":34,"column":44}},"5":{"start":{"line":35,"column":8},"end":{"line":35,"column":47}},"6":{"start":{"line":37,"column":8},"end":{"line":37,"column":101}},"7":{"start":{"line":38,"column":8},"end":{"line":38,"column":39}},"8":{"start":{"line":40,"column":8},"end":{"line":40,"column":1742}},"9":{"start":{"line":41,"column":12},"end":{"line":41,"column":78}},"10":{"start":{"line":45,"column":8},"end":{"line":45,"column":34}},"11":{"start":{"line":49,"column":8},"end":{"line":49,"column":51}},"12":{"start":{"line":50,"column":8},"end":{"line":50,"column":80}},"13":{"start":{"line":51,"column":8},"end":{"line":51,"column":58}},"14":{"start":{"line":52,"column":8},"end":{"line":52,"column":58}},"15":{"start":{"line":53,"column":8},"end":{"line":53,"column":22}},"16":{"start":{"line":58,"column":8},"end":{"line":58,"column":109}},"17":{"start":{"line":59,"column":8},"end":{"line":59,"column":65}},"18":{"start":{"line":64,"column":8},"end":{"line":64,"column":109}},"19":{"start":{"line":65,"column":8},"end":{"line":65,"column":82}},"20":{"start":{"line":71,"column":8},"end":{"line":71,"column":109}},"21":{"start":{"line":72,"column":8},"end":{"line":72,"column":37}},"22":{"start":{"line":73,"column":8},"end":{"line":73,"column":19}},"23":{"start":{"line":77,"column":8},"end":{"line":77,"column":63}},"24":{"start":{"line":89,"column":8},"end":{"line":89,"column":67}},"25":{"start":{"line":92,"column":8},"end":{"line":92,"column":109}},"26":{"start":{"line":93,"column":8},"end":{"line":93,"column":79}},"27":{"start":{"line":95,"column":8},"end":{"line":95,"column":82}},"28":{"start":{"line":97,"column":8},"end":{"line":97,"column":60}},"29":{"start":{"line":98,"column":8},"end":{"line":98,"column":22}},"30":{"start":{"line":105,"column":8},"end":{"line":105,"column":130}},"31":{"start":{"line":106,"column":8},"end":{"line":106,"column":41}},"32":{"start":{"line":107,"column":8},"end":{"line":107,"column":19}},"33":{"start":{"line":116,"column":8},"end":{"line":116,"column":49}},"34":{"start":{"line":118,"column":8},"end":{"line":118,"column":83}},"35":{"start":{"line":122,"column":8},"end":{"line":122,"column":80}},"36":{"start":{"line":123,"column":8},"end":{"line":123,"column":5516}},"37":{"start":{"line":124,"column":12},"end":{"line":124,"column":39}},"38":{"start":{"line":126,"column":12},"end":{"line":126,"column":102}},"39":{"start":{"line":128,"column":8},"end":{"line":128,"column":77}},"40":{"start":{"line":130,"column":8},"end":{"line":130,"column":53}},"41":{"start":{"line":131,"column":8},"end":{"line":131,"column":42}},"42":{"start":{"line":132,"column":8},"end":{"line":132,"column":67}},"43":{"start":{"line":136,"column":8},"end":{"line":136,"column":33}},"44":{"start":{"line":151,"column":8},"end":{"line":151,"column":54}},"45":{"start":{"line":152,"column":8},"end":{"line":152,"column":48}},"46":{"start":{"line":160,"column":8},"end":{"line":160,"column":53}},"47":{"start":{"line":161,"column":8},"end":{"line":161,"column":65}},"48":{"start":{"line":163,"column":8},"end":{"line":163,"column":99}},"49":{"start":{"line":183,"column":8},"end":{"line":183,"column":62}},"50":{"start":{"line":184,"column":8},"end":{"line":184,"column":124}},"51":{"start":{"line":186,"column":8},"end":{"line":186,"column":75}},"52":{"start":{"line":187,"column":8},"end":{"line":187,"column":65}},"53":{"start":{"line":190,"column":8},"end":{"line":190,"column":84}},"54":{"start":{"line":193,"column":8},"end":{"line":193,"column":8294}},"55":{"start":{"line":194,"column":12},"end":{"line":194,"column":48}},"56":{"start":{"line":197,"column":12},"end":{"line":197,"column":88}},"57":{"start":{"line":200,"column":12},"end":{"line":200,"column":8662}},"58":{"start":{"line":201,"column":16},"end":{"line":201,"column":51}},"59":{"start":{"line":205,"column":12},"end":{"line":205,"column":55}},"60":{"start":{"line":208,"column":12},"end":{"line":208,"column":8907}},"61":{"start":{"line":209,"column":16},"end":{"line":209,"column":74}},"62":{"start":{"line":212,"column":16},"end":{"line":212,"column":98}},"63":{"start":{"line":213,"column":16},"end":{"line":213,"column":118}},"64":{"start":{"line":214,"column":16},"end":{"line":214,"column":60}},"65":{"start":{"line":216,"column":16},"end":{"line":216,"column":56}},"66":{"start":{"line":217,"column":16},"end":{"line":217,"column":89}},"67":{"start":{"line":223,"column":12},"end":{"line":223,"column":44}},"68":{"start":{"line":226,"column":12},"end":{"line":226,"column":38}},"69":{"start":{"line":230,"column":12},"end":{"line":230,"column":32}},"70":{"start":{"line":233,"column":12},"end":{"line":233,"column":117}},"71":{"start":{"line":236,"column":12},"end":{"line":236,"column":43}},"72":{"start":{"line":239,"column":12},"end":{"line":239,"column":10470}},"73":{"start":{"line":240,"column":16},"end":{"line":240,"column":64}},"74":{"start":{"line":244,"column":12},"end":{"line":244,"column":38}},"75":{"start":{"line":251,"column":8},"end":{"line":251,"column":109}},"76":{"start":{"line":252,"column":8},"end":{"line":252,"column":82}},"77":{"start":{"line":253,"column":8},"end":{"line":253,"column":53}},"78":{"start":{"line":255,"column":8},"end":{"line":255,"column":19}},"79":{"start":{"line":260,"column":8},"end":{"line":260,"column":38}},"80":{"start":{"line":264,"column":8},"end":{"line":264,"column":28}},"81":{"start":{"line":268,"column":8},"end":{"line":268,"column":74}},"82":{"start":{"line":269,"column":8},"end":{"line":269,"column":15}},"83":{"start":{"line":273,"column":8},"end":{"line":273,"column":74}},"84":{"start":{"line":274,"column":8},"end":{"line":274,"column":17}},"85":{"start":{"line":282,"column":8},"end":{"line":282,"column":52}},"86":{"start":{"line":286,"column":8},"end":{"line":286,"column":51}},"87":{"start":{"line":290,"column":8},"end":{"line":290,"column":27}},"88":{"start":{"line":294,"column":8},"end":{"line":294,"column":85}},"89":{"start":{"line":295,"column":8},"end":{"line":295,"column":54}},"90":{"start":{"line":296,"column":8},"end":{"line":296,"column":84}},"91":{"start":{"line":298,"column":8},"end":{"line":298,"column":50}},"92":{"start":{"line":300,"column":8},"end":{"line":300,"column":21}},"93":{"start":{"line":302,"column":8},"end":{"line":302,"column":53}},"94":{"start":{"line":303,"column":8},"end":{"line":303,"column":59}},"95":{"start":{"line":305,"column":8},"end":{"line":305,"column":12992}},"96":{"start":{"line":306,"column":12},"end":{"line":306,"column":13047}},"97":{"start":{"line":308,"column":16},"end":{"line":308,"column":87}},"98":{"start":{"line":320,"column":8},"end":{"line":320,"column":37}},"99":{"start":{"line":328,"column":8},"end":{"line":328,"column":37}},"100":{"start":{"line":332,"column":8},"end":{"line":332,"column":60}},"101":{"start":{"line":336,"column":8},"end":{"line":336,"column":91}},"102":{"start":{"line":349,"column":8},"end":{"line":349,"column":14475}},"103":{"start":{"line":350,"column":12},"end":{"line":350,"column":83}},"104":{"start":{"line":351,"column":12},"end":{"line":351,"column":104}},"105":{"start":{"line":354,"column":8},"end":{"line":354,"column":73}},"106":{"start":{"line":355,"column":8},"end":{"line":355,"column":19}},"107":{"start":{"line":359,"column":8},"end":{"line":359,"column":75}},"108":{"start":{"line":360,"column":8},"end":{"line":360,"column":43}},"109":{"start":{"line":361,"column":8},"end":{"line":361,"column":19}},"110":{"start":{"line":365,"column":8},"end":{"line":365,"column":15195}},"111":{"start":{"line":366,"column":12},"end":{"line":366,"column":64}},"112":{"start":{"line":367,"column":12},"end":{"line":367,"column":77}},"113":{"start":{"line":381,"column":8},"end":{"line":381,"column":52}},"114":{"start":{"line":382,"column":8},"end":{"line":382,"column":73}},"115":{"start":{"line":383,"column":8},"end":{"line":383,"column":67}},"116":{"start":{"line":384,"column":8},"end":{"line":384,"column":47}},"117":{"start":{"line":385,"column":8},"end":{"line":385,"column":16083}},"118":{"start":{"line":386,"column":12},"end":{"line":386,"column":85}},"119":{"start":{"line":389,"column":8},"end":{"line":389,"column":50}},"120":{"start":{"line":391,"column":12},"end":{"line":391,"column":70}},"121":{"start":{"line":393,"column":12},"end":{"line":393,"column":85}},"122":{"start":{"line":394,"column":12},"end":{"line":394,"column":70}},"123":{"start":{"line":396,"column":12},"end":{"line":396,"column":62}},"124":{"start":{"line":399,"column":12},"end":{"line":399,"column":94}},"125":{"start":{"line":400,"column":12},"end":{"line":400,"column":109}},"126":{"start":{"line":404,"column":8},"end":{"line":404,"column":17005}},"127":{"start":{"line":405,"column":12},"end":{"line":405,"column":87}},"128":{"start":{"line":408,"column":13},"end":{"line":408,"column":17268}},"129":{"start":{"line":410,"column":12},"end":{"line":410,"column":129}},"130":{"start":{"line":413,"column":12},"end":{"line":413,"column":69}},"131":{"start":{"line":416,"column":8},"end":{"line":416,"column":19}},"132":{"start":{"line":424,"column":8},"end":{"line":424,"column":92}},"133":{"start":{"line":425,"column":8},"end":{"line":425,"column":65}},"134":{"start":{"line":429,"column":8},"end":{"line":429,"column":72}},"135":{"start":{"line":430,"column":8},"end":{"line":430,"column":20}},"136":{"start":{"line":431,"column":8},"end":{"line":431,"column":52}},"137":{"start":{"line":433,"column":8},"end":{"line":433,"column":18196}},"138":{"start":{"line":435,"column":12},"end":{"line":435,"column":62}},"139":{"start":{"line":436,"column":12},"end":{"line":436,"column":49}},"140":{"start":{"line":439,"column":12},"end":{"line":439,"column":84}},"141":{"start":{"line":440,"column":12},"end":{"line":440,"column":52}},"142":{"start":{"line":442,"column":8},"end":{"line":442,"column":65}},"143":{"start":{"line":444,"column":8},"end":{"line":444,"column":22}},"144":{"start":{"line":455,"column":8},"end":{"line":455,"column":19165}},"145":{"start":{"line":466,"column":8},"end":{"line":466,"column":58}},"146":{"start":{"line":467,"column":8},"end":{"line":467,"column":58}},"147":{"start":{"line":468,"column":8},"end":{"line":468,"column":60}},"148":{"start":{"line":469,"column":8},"end":{"line":469,"column":73}},"149":{"start":{"line":472,"column":8},"end":{"line":472,"column":91}},"150":{"start":{"line":474,"column":8},"end":{"line":474,"column":49}},"151":{"start":{"line":476,"column":8},"end":{"line":476,"column":97}},"152":{"start":{"line":480,"column":8},"end":{"line":480,"column":55}},"153":{"start":{"line":483,"column":8},"end":{"line":483,"column":49}},"154":{"start":{"line":494,"column":8},"end":{"line":494,"column":20710}},"155":{"start":{"line":499,"column":8},"end":{"line":499,"column":81}},"156":{"start":{"line":501,"column":8},"end":{"line":501,"column":21038}},"157":{"start":{"line":503,"column":12},"end":{"line":503,"column":88}},"158":{"start":{"line":507,"column":8},"end":{"line":507,"column":86}},"159":{"start":{"line":509,"column":8},"end":{"line":509,"column":21331}},"160":{"start":{"line":511,"column":12},"end":{"line":511,"column":70}},"161":{"start":{"line":515,"column":12},"end":{"line":515,"column":37}},"162":{"start":{"line":519,"column":12},"end":{"line":519,"column":38}},"163":{"start":{"line":523,"column":12},"end":{"line":523,"column":83}},"164":{"start":{"line":524,"column":12},"end":{"line":524,"column":96}},"165":{"start":{"line":524,"column":29},"end":{"line":524,"column":95}},"166":{"start":{"line":527,"column":12},"end":{"line":527,"column":68}},"167":{"start":{"line":530,"column":8},"end":{"line":530,"column":48}},"168":{"start":{"line":538,"column":8},"end":{"line":538,"column":148}},"169":{"start":{"line":540,"column":8},"end":{"line":540,"column":47}},"170":{"start":{"line":542,"column":8},"end":{"line":542,"column":79}},"171":{"start":{"line":544,"column":8},"end":{"line":544,"column":23104}},"172":{"start":{"line":546,"column":12},"end":{"line":546,"column":85}},"173":{"start":{"line":547,"column":15},"end":{"line":547,"column":23357}},"174":{"start":{"line":549,"column":12},"end":{"line":549,"column":132}},"175":{"start":{"line":552,"column":12},"end":{"line":552,"column":69}},"176":{"start":{"line":555,"column":12},"end":{"line":555,"column":44}},"177":{"start":{"line":566,"column":8},"end":{"line":566,"column":79}},"178":{"start":{"line":567,"column":8},"end":{"line":567,"column":75}},"179":{"start":{"line":577,"column":8},"end":{"line":577,"column":73}},"180":{"start":{"line":578,"column":8},"end":{"line":578,"column":69}},"181":{"start":{"line":580,"column":8},"end":{"line":580,"column":24739}},"182":{"start":{"line":581,"column":12},"end":{"line":581,"column":68}},"183":{"start":{"line":582,"column":12},"end":{"line":582,"column":49}},"184":{"start":{"line":586,"column":12},"end":{"line":586,"column":90}},"185":{"start":{"line":587,"column":12},"end":{"line":587,"column":52}},"186":{"start":{"line":590,"column":8},"end":{"line":590,"column":67}},"187":{"start":{"line":592,"column":8},"end":{"line":592,"column":19}}},"branchMap":{"1":{"line":37,"type":"if","locations":[{"start":{"line":37,"column":8},"end":{"line":37,"column":8}},{"start":{"line":37,"column":8},"end":{"line":37,"column":8}}]},"2":{"line":49,"type":"if","locations":[{"start":{"line":49,"column":8},"end":{"line":49,"column":8}},{"start":{"line":49,"column":8},"end":{"line":49,"column":8}}]},"3":{"line":50,"type":"if","locations":[{"start":{"line":50,"column":8},"end":{"line":50,"column":8}},{"start":{"line":50,"column":8},"end":{"line":50,"column":8}}]},"4":{"line":58,"type":"if","locations":[{"start":{"line":58,"column":8},"end":{"line":58,"column":8}},{"start":{"line":58,"column":8},"end":{"line":58,"column":8}}]},"5":{"line":64,"type":"if","locations":[{"start":{"line":64,"column":8},"end":{"line":64,"column":8}},{"start":{"line":64,"column":8},"end":{"line":64,"column":8}}]},"6":{"line":71,"type":"if","locations":[{"start":{"line":71,"column":8},"end":{"line":71,"column":8}},{"start":{"line":71,"column":8},"end":{"line":71,"column":8}}]},"7":{"line":89,"type":"if","locations":[{"start":{"line":89,"column":8},"end":{"line":89,"column":8}},{"start":{"line":89,"column":8},"end":{"line":89,"column":8}}]},"8":{"line":95,"type":"if","locations":[{"start":{"line":95,"column":8},"end":{"line":95,"column":8}},{"start":{"line":95,"column":8},"end":{"line":95,"column":8}}]},"9":{"line":105,"type":"if","locations":[{"start":{"line":105,"column":8},"end":{"line":105,"column":8}},{"start":{"line":105,"column":8},"end":{"line":105,"column":8}}]},"10":{"line":116,"type":"if","locations":[{"start":{"line":116,"column":8},"end":{"line":116,"column":8}},{"start":{"line":116,"column":8},"end":{"line":116,"column":8}}]},"11":{"line":122,"type":"if","locations":[{"start":{"line":122,"column":8},"end":{"line":122,"column":8}},{"start":{"line":122,"column":8},"end":{"line":122,"column":8}}]},"12":{"line":123,"type":"if","locations":[{"start":{"line":123,"column":8},"end":{"line":123,"column":8}},{"start":{"line":123,"column":8},"end":{"line":123,"column":8}}]},"13":{"line":126,"type":"if","locations":[{"start":{"line":126,"column":12},"end":{"line":126,"column":12}},{"start":{"line":126,"column":12},"end":{"line":126,"column":12}}]},"14":{"line":128,"type":"if","locations":[{"start":{"line":128,"column":8},"end":{"line":128,"column":8}},{"start":{"line":128,"column":8},"end":{"line":128,"column":8}}]},"15":{"line":151,"type":"if","locations":[{"start":{"line":151,"column":8},"end":{"line":151,"column":8}},{"start":{"line":151,"column":8},"end":{"line":151,"column":8}}]},"16":{"line":183,"type":"if","locations":[{"start":{"line":183,"column":8},"end":{"line":183,"column":8}},{"start":{"line":183,"column":8},"end":{"line":183,"column":8}}]},"17":{"line":184,"type":"if","locations":[{"start":{"line":184,"column":8},"end":{"line":184,"column":8}},{"start":{"line":184,"column":8},"end":{"line":184,"column":8}}]},"18":{"line":186,"type":"if","locations":[{"start":{"line":186,"column":8},"end":{"line":186,"column":8}},{"start":{"line":186,"column":8},"end":{"line":186,"column":8}}]},"19":{"line":187,"type":"if","locations":[{"start":{"line":187,"column":8},"end":{"line":187,"column":8}},{"start":{"line":187,"column":8},"end":{"line":187,"column":8}}]},"20":{"line":190,"type":"if","locations":[{"start":{"line":190,"column":8},"end":{"line":190,"column":8}},{"start":{"line":190,"column":8},"end":{"line":190,"column":8}}]},"21":{"line":197,"type":"if","locations":[{"start":{"line":197,"column":12},"end":{"line":197,"column":12}},{"start":{"line":197,"column":12},"end":{"line":197,"column":12}}]},"22":{"line":200,"type":"if","locations":[{"start":{"line":200,"column":12},"end":{"line":200,"column":12}},{"start":{"line":200,"column":12},"end":{"line":200,"column":12}}]},"23":{"line":208,"type":"if","locations":[{"start":{"line":208,"column":12},"end":{"line":208,"column":12}},{"start":{"line":208,"column":12},"end":{"line":208,"column":12}}]},"24":{"line":209,"type":"if","locations":[{"start":{"line":209,"column":16},"end":{"line":209,"column":16}},{"start":{"line":209,"column":16},"end":{"line":209,"column":16}}]},"25":{"line":212,"type":"if","locations":[{"start":{"line":212,"column":16},"end":{"line":212,"column":16}},{"start":{"line":212,"column":16},"end":{"line":212,"column":16}}]},"26":{"line":213,"type":"if","locations":[{"start":{"line":213,"column":16},"end":{"line":213,"column":16}},{"start":{"line":213,"column":16},"end":{"line":213,"column":16}}]},"27":{"line":239,"type":"if","locations":[{"start":{"line":239,"column":12},"end":{"line":239,"column":12}},{"start":{"line":239,"column":12},"end":{"line":239,"column":12}}]},"28":{"line":251,"type":"if","locations":[{"start":{"line":251,"column":8},"end":{"line":251,"column":8}},{"start":{"line":251,"column":8},"end":{"line":251,"column":8}}]},"29":{"line":252,"type":"if","locations":[{"start":{"line":252,"column":8},"end":{"line":252,"column":8}},{"start":{"line":252,"column":8},"end":{"line":252,"column":8}}]},"30":{"line":268,"type":"if","locations":[{"start":{"line":268,"column":8},"end":{"line":268,"column":8}},{"start":{"line":268,"column":8},"end":{"line":268,"column":8}}]},"31":{"line":273,"type":"if","locations":[{"start":{"line":273,"column":8},"end":{"line":273,"column":8}},{"start":{"line":273,"column":8},"end":{"line":273,"column":8}}]},"32":{"line":294,"type":"if","locations":[{"start":{"line":294,"column":8},"end":{"line":294,"column":8}},{"start":{"line":294,"column":8},"end":{"line":294,"column":8}}]},"33":{"line":295,"type":"if","locations":[{"start":{"line":295,"column":8},"end":{"line":295,"column":8}},{"start":{"line":295,"column":8},"end":{"line":295,"column":8}}]},"34":{"line":296,"type":"if","locations":[{"start":{"line":296,"column":8},"end":{"line":296,"column":8}},{"start":{"line":296,"column":8},"end":{"line":296,"column":8}}]},"35":{"line":306,"type":"if","locations":[{"start":{"line":306,"column":12},"end":{"line":306,"column":12}},{"start":{"line":306,"column":12},"end":{"line":306,"column":12}}]},"36":{"line":350,"type":"if","locations":[{"start":{"line":350,"column":12},"end":{"line":350,"column":12}},{"start":{"line":350,"column":12},"end":{"line":350,"column":12}}]},"37":{"line":351,"type":"if","locations":[{"start":{"line":351,"column":12},"end":{"line":351,"column":12}},{"start":{"line":351,"column":12},"end":{"line":351,"column":12}}]},"38":{"line":359,"type":"if","locations":[{"start":{"line":359,"column":8},"end":{"line":359,"column":8}},{"start":{"line":359,"column":8},"end":{"line":359,"column":8}}]},"39":{"line":366,"type":"if","locations":[{"start":{"line":366,"column":12},"end":{"line":366,"column":12}},{"start":{"line":366,"column":12},"end":{"line":366,"column":12}}]},"40":{"line":367,"type":"if","locations":[{"start":{"line":367,"column":12},"end":{"line":367,"column":12}},{"start":{"line":367,"column":12},"end":{"line":367,"column":12}}]},"41":{"line":381,"type":"if","locations":[{"start":{"line":381,"column":8},"end":{"line":381,"column":8}},{"start":{"line":381,"column":8},"end":{"line":381,"column":8}}]},"42":{"line":382,"type":"if","locations":[{"start":{"line":382,"column":8},"end":{"line":382,"column":8}},{"start":{"line":382,"column":8},"end":{"line":382,"column":8}}]},"43":{"line":383,"type":"if","locations":[{"start":{"line":383,"column":8},"end":{"line":383,"column":8}},{"start":{"line":383,"column":8},"end":{"line":383,"column":8}}]},"44":{"line":385,"type":"if","locations":[{"start":{"line":385,"column":8},"end":{"line":385,"column":8}},{"start":{"line":385,"column":8},"end":{"line":385,"column":8}}]},"45":{"line":391,"type":"if","locations":[{"start":{"line":391,"column":12},"end":{"line":391,"column":12}},{"start":{"line":391,"column":12},"end":{"line":391,"column":12}}]},"46":{"line":394,"type":"if","locations":[{"start":{"line":394,"column":12},"end":{"line":394,"column":12}},{"start":{"line":394,"column":12},"end":{"line":394,"column":12}}]},"47":{"line":400,"type":"if","locations":[{"start":{"line":400,"column":12},"end":{"line":400,"column":12}},{"start":{"line":400,"column":12},"end":{"line":400,"column":12}}]},"48":{"line":404,"type":"if","locations":[{"start":{"line":404,"column":8},"end":{"line":404,"column":8}},{"start":{"line":404,"column":8},"end":{"line":404,"column":8}}]},"49":{"line":408,"type":"if","locations":[{"start":{"line":408,"column":13},"end":{"line":408,"column":13}},{"start":{"line":408,"column":13},"end":{"line":408,"column":13}}]},"50":{"line":424,"type":"if","locations":[{"start":{"line":424,"column":8},"end":{"line":424,"column":8}},{"start":{"line":424,"column":8},"end":{"line":424,"column":8}}]},"51":{"line":431,"type":"if","locations":[{"start":{"line":431,"column":8},"end":{"line":431,"column":8}},{"start":{"line":431,"column":8},"end":{"line":431,"column":8}}]},"52":{"line":433,"type":"if","locations":[{"start":{"line":433,"column":8},"end":{"line":433,"column":8}},{"start":{"line":433,"column":8},"end":{"line":433,"column":8}}]},"53":{"line":436,"type":"if","locations":[{"start":{"line":436,"column":12},"end":{"line":436,"column":12}},{"start":{"line":436,"column":12},"end":{"line":436,"column":12}}]},"54":{"line":440,"type":"if","locations":[{"start":{"line":440,"column":12},"end":{"line":440,"column":12}},{"start":{"line":440,"column":12},"end":{"line":440,"column":12}}]},"55":{"line":466,"type":"if","locations":[{"start":{"line":466,"column":8},"end":{"line":466,"column":8}},{"start":{"line":466,"column":8},"end":{"line":466,"column":8}}]},"56":{"line":467,"type":"if","locations":[{"start":{"line":467,"column":8},"end":{"line":467,"column":8}},{"start":{"line":467,"column":8},"end":{"line":467,"column":8}}]},"57":{"line":468,"type":"if","locations":[{"start":{"line":468,"column":8},"end":{"line":468,"column":8}},{"start":{"line":468,"column":8},"end":{"line":468,"column":8}}]},"58":{"line":469,"type":"if","locations":[{"start":{"line":469,"column":8},"end":{"line":469,"column":8}},{"start":{"line":469,"column":8},"end":{"line":469,"column":8}}]},"59":{"line":472,"type":"if","locations":[{"start":{"line":472,"column":8},"end":{"line":472,"column":8}},{"start":{"line":472,"column":8},"end":{"line":472,"column":8}}]},"60":{"line":476,"type":"if","locations":[{"start":{"line":476,"column":8},"end":{"line":476,"column":8}},{"start":{"line":476,"column":8},"end":{"line":476,"column":8}}]},"61":{"line":499,"type":"if","locations":[{"start":{"line":499,"column":8},"end":{"line":499,"column":8}},{"start":{"line":499,"column":8},"end":{"line":499,"column":8}}]},"62":{"line":501,"type":"if","locations":[{"start":{"line":501,"column":8},"end":{"line":501,"column":8}},{"start":{"line":501,"column":8},"end":{"line":501,"column":8}}]},"63":{"line":503,"type":"if","locations":[{"start":{"line":503,"column":12},"end":{"line":503,"column":12}},{"start":{"line":503,"column":12},"end":{"line":503,"column":12}}]},"64":{"line":524,"type":"if","locations":[{"start":{"line":524,"column":12},"end":{"line":524,"column":12}},{"start":{"line":524,"column":12},"end":{"line":524,"column":12}}]},"65":{"line":544,"type":"if","locations":[{"start":{"line":544,"column":8},"end":{"line":544,"column":8}},{"start":{"line":544,"column":8},"end":{"line":544,"column":8}}]},"66":{"line":547,"type":"if","locations":[{"start":{"line":547,"column":15},"end":{"line":547,"column":15}},{"start":{"line":547,"column":15},"end":{"line":547,"column":15}}]},"67":{"line":566,"type":"if","locations":[{"start":{"line":566,"column":8},"end":{"line":566,"column":8}},{"start":{"line":566,"column":8},"end":{"line":566,"column":8}}]},"68":{"line":580,"type":"if","locations":[{"start":{"line":580,"column":8},"end":{"line":580,"column":8}},{"start":{"line":580,"column":8},"end":{"line":580,"column":8}}]},"69":{"line":582,"type":"if","locations":[{"start":{"line":582,"column":12},"end":{"line":582,"column":12}},{"start":{"line":582,"column":12},"end":{"line":582,"column":12}}]},"70":{"line":587,"type":"if","locations":[{"start":{"line":587,"column":12},"end":{"line":587,"column":12}},{"start":{"line":587,"column":12},"end":{"line":587,"column":12}}]}}},"contracts/RoyaltyBearingTokenStorage.sol":{"l":{},"path":"/home/svm/src/treetrunk-nft/solidity/contracts/RoyaltyBearingTokenStorage.sol","s":{},"b":{},"f":{},"fnMap":{},"statementMap":{},"branchMap":{}},"contracts/RoyaltyModule.sol":{"l":{"27":3,"28":3,"29":3,"30":3,"31":3,"32":3,"33":3,"34":3,"38":3,"39":1,"40":1,"41":1,"53":34,"54":34,"68":16,"70":16,"71":16,"72":16,"73":35,"74":33,"75":33,"76":33,"77":18,"78":18,"80":18,"81":10,"82":7,"84":3,"90":15,"93":8,"96":4,"97":11,"98":11,"99":6,"101":5,"102":3,"109":3,"110":3,"111":7,"112":6,"115":1,"116":1,"117":1,"127":646,"129":646,"130":646,"131":646,"135":10,"138":10,"142":10,"146":636,"148":636,"150":636,"152":636,"155":636,"158":636,"162":636,"164":646,"165":646,"166":646,"172":24,"173":24,"181":478,"182":478,"183":478,"184":478,"186":1411,"188":1410,"189":1410,"190":1410,"192":1410,"193":956,"194":956,"198":454,"201":478,"205":49,"209":26,"213":81,"214":81,"222":30,"223":30,"224":28,"225":28,"226":28,"227":26,"231":52,"235":25,"236":25,"237":24,"247":26,"248":26,"249":26,"250":26,"261":24,"262":24,"263":24,"264":24,"267":24,"273":149,"274":149,"275":218,"276":126,"279":23,"289":1434,"294":19,"295":19,"296":19,"297":24,"298":24,"300":19},"path":"/home/svm/src/treetrunk-nft/solidity/contracts/RoyaltyModule.sol","s":{"1":3,"2":3,"3":3,"4":3,"5":3,"6":3,"7":3,"8":3,"9":3,"10":1,"11":1,"12":1,"13":34,"14":34,"15":16,"16":16,"17":16,"18":16,"19":35,"20":33,"21":33,"22":33,"23":18,"24":18,"25":18,"26":10,"27":7,"28":3,"29":15,"30":8,"31":4,"32":11,"33":11,"34":6,"35":5,"36":3,"37":3,"38":3,"39":7,"40":6,"41":646,"42":646,"43":646,"44":646,"45":10,"46":10,"47":10,"48":636,"49":636,"50":636,"51":636,"52":636,"53":636,"54":636,"55":646,"56":646,"57":646,"58":24,"59":24,"60":478,"61":478,"62":478,"63":478,"64":1411,"65":1410,"66":1410,"67":1410,"68":1410,"69":956,"70":956,"71":454,"72":478,"73":49,"74":26,"75":81,"76":81,"77":30,"78":30,"79":28,"80":28,"81":28,"82":26,"83":52,"84":25,"85":25,"86":1,"87":24,"88":26,"89":26,"90":26,"91":26,"92":24,"93":24,"94":24,"95":24,"96":24,"97":149,"98":149,"99":218,"100":126,"101":23,"102":1434,"103":19,"104":19,"105":19,"106":24,"107":24,"108":19},"b":{"1":[3,0],"2":[3,0],"3":[3,0],"4":[1,2],"5":[33,2],"6":[18,15],"7":[10,8],"8":[7,3],"9":[5,2],"10":[1,2],"11":[13,2],"12":[4,4],"13":[6,5],"14":[3,2],"15":[6,1],"16":[4,2],"17":[646,0],"18":[646,0],"19":[10,636],"20":[636,0],"21":[646,0],"22":[1,1410],"23":[956,454],"24":[28,2],"25":[28,0],"26":[26,2],"27":[1,24],"28":[26,0],"29":[26,0],"30":[24,0],"31":[24,0],"32":[126,92]},"f":{"1":3,"2":3,"3":34,"4":16,"5":3,"6":646,"7":24,"8":478,"9":49,"10":26,"11":81,"12":30,"13":52,"14":25,"15":26,"16":24,"17":149,"18":1434,"19":19},"fnMap":{"1":{"name":"constructor","line":20,"loc":{"start":{"line":20,"column":4},"end":{"line":35,"column":4}}},"2":{"name":"updateRAccountLimits","line":37,"loc":{"start":{"line":37,"column":4},"end":{"line":42,"column":4}}},"3":{"name":"getAccount","line":44,"loc":{"start":{"line":44,"column":4},"end":{"line":55,"column":4}}},"4":{"name":"updateRoyaltyAccount","line":67,"loc":{"start":{"line":62,"column":4},"end":{"line":105,"column":4}}},"5":{"name":"deleteRoyaltyAccount","line":108,"loc":{"start":{"line":108,"column":4},"end":{"line":118,"column":4}}},"6":{"name":"createRoyaltyAccount","line":126,"loc":{"start":{"line":120,"column":4},"end":{"line":167,"column":4}}},"7":{"name":"distributePayment","line":171,"loc":{"start":{"line":171,"column":4},"end":{"line":174,"column":4}}},"8":{"name":"_distributePayment","line":176,"loc":{"start":{"line":176,"column":4},"end":{"line":202,"column":4}}},"9":{"name":"isSupportedTokenType","line":204,"loc":{"start":{"line":204,"column":4},"end":{"line":206,"column":4}}},"10":{"name":"getTokenType","line":208,"loc":{"start":{"line":208,"column":4},"end":{"line":210,"column":4}}},"11":{"name":"findSubaccountIndex","line":212,"loc":{"start":{"line":212,"column":4},"end":{"line":215,"column":4}}},"12":{"name":"checkBalanceForPayout","line":217,"loc":{"start":{"line":217,"column":4},"end":{"line":228,"column":4}}},"13":{"name":"getSubaccount","line":230,"loc":{"start":{"line":230,"column":4},"end":{"line":232,"column":4}}},"14":{"name":"getBalance","line":234,"loc":{"start":{"line":234,"column":4},"end":{"line":238,"column":4}}},"15":{"name":"withdrawBalance","line":246,"loc":{"start":{"line":242,"column":4},"end":{"line":251,"column":4}}},"16":{"name":"transferRAOwnership","line":260,"loc":{"start":{"line":256,"column":4},"end":{"line":268,"column":4}}},"17":{"name":"_findSubaccountIndex","line":271,"loc":{"start":{"line":271,"column":4},"end":{"line":280,"column":4}}},"18":{"name":"mulDiv","line":284,"loc":{"start":{"line":284,"column":4},"end":{"line":290,"column":4}}},"19":{"name":"splitSum","line":293,"loc":{"start":{"line":293,"column":4},"end":{"line":301,"column":4}}}},"statementMap":{"1":{"start":{"line":27,"column":8},"end":{"line":27,"column":31}},"2":{"start":{"line":28,"column":8},"end":{"line":28,"column":71}},"3":{"start":{"line":29,"column":8},"end":{"line":29,"column":105}},"4":{"start":{"line":30,"column":8},"end":{"line":30,"column":84}},"5":{"start":{"line":31,"column":8},"end":{"line":31,"column":29}},"6":{"start":{"line":32,"column":8},"end":{"line":32,"column":39}},"7":{"start":{"line":33,"column":8},"end":{"line":33,"column":38}},"8":{"start":{"line":34,"column":8},"end":{"line":34,"column":41}},"9":{"start":{"line":38,"column":8},"end":{"line":38,"column":106}},"10":{"start":{"line":39,"column":8},"end":{"line":39,"column":38}},"11":{"start":{"line":40,"column":8},"end":{"line":40,"column":41}},"12":{"start":{"line":41,"column":8},"end":{"line":41,"column":19}},"13":{"start":{"line":53,"column":8},"end":{"line":53,"column":57}},"14":{"start":{"line":54,"column":8},"end":{"line":54,"column":101}},"15":{"start":{"line":68,"column":8},"end":{"line":68,"column":57}},"16":{"start":{"line":70,"column":8},"end":{"line":70,"column":22}},"17":{"start":{"line":71,"column":8},"end":{"line":71,"column":22}},"18":{"start":{"line":72,"column":8},"end":{"line":72,"column":3028}},"19":{"start":{"line":73,"column":12},"end":{"line":73,"column":118}},"20":{"start":{"line":74,"column":12},"end":{"line":74,"column":56}},"21":{"start":{"line":75,"column":12},"end":{"line":75,"column":115}},"22":{"start":{"line":76,"column":12},"end":{"line":76,"column":3400}},"23":{"start":{"line":77,"column":16},"end":{"line":77,"column":93}},"24":{"start":{"line":78,"column":16},"end":{"line":78,"column":46}},"25":{"start":{"line":80,"column":16},"end":{"line":80,"column":3634}},"26":{"start":{"line":81,"column":20},"end":{"line":81,"column":3725}},"27":{"start":{"line":82,"column":24},"end":{"line":82,"column":136}},"28":{"start":{"line":84,"column":24},"end":{"line":84,"column":116}},"29":{"start":{"line":90,"column":16},"end":{"line":90,"column":97}},"30":{"start":{"line":93,"column":8},"end":{"line":93,"column":68}},"31":{"start":{"line":96,"column":8},"end":{"line":96,"column":4426}},"32":{"start":{"line":97,"column":12},"end":{"line":97,"column":115}},"33":{"start":{"line":98,"column":12},"end":{"line":98,"column":4618}},"34":{"start":{"line":99,"column":16},"end":{"line":99,"column":111}},"35":{"start":{"line":101,"column":16},"end":{"line":101,"column":115}},"36":{"start":{"line":102,"column":16},"end":{"line":102,"column":149}},"37":{"start":{"line":109,"column":8},"end":{"line":109,"column":57}},"38":{"start":{"line":110,"column":8},"end":{"line":110,"column":5241}},"39":{"start":{"line":111,"column":12},"end":{"line":111,"column":5332}},"40":{"start":{"line":112,"column":16},"end":{"line":112,"column":124}},"41":{"start":{"line":127,"column":8},"end":{"line":127,"column":107}},"42":{"start":{"line":129,"column":8},"end":{"line":129,"column":101}},"43":{"start":{"line":130,"column":8},"end":{"line":130,"column":102}},"44":{"start":{"line":131,"column":8},"end":{"line":131,"column":6245}},"45":{"start":{"line":135,"column":12},"end":{"line":135,"column":157}},"46":{"start":{"line":138,"column":12},"end":{"line":138,"column":157}},"47":{"start":{"line":142,"column":12},"end":{"line":142,"column":179}},"48":{"start":{"line":146,"column":12},"end":{"line":146,"column":73}},"49":{"start":{"line":148,"column":12},"end":{"line":148,"column":132}},"50":{"start":{"line":150,"column":12},"end":{"line":150,"column":82}},"51":{"start":{"line":152,"column":12},"end":{"line":152,"column":195}},"52":{"start":{"line":155,"column":12},"end":{"line":155,"column":157}},"53":{"start":{"line":158,"column":12},"end":{"line":158,"column":188}},"54":{"start":{"line":162,"column":12},"end":{"line":162,"column":194}},"55":{"start":{"line":164,"column":8},"end":{"line":164,"column":105}},"56":{"start":{"line":165,"column":8},"end":{"line":165,"column":45}},"57":{"start":{"line":166,"column":8},"end":{"line":166,"column":26}},"58":{"start":{"line":172,"column":8},"end":{"line":172,"column":57}},"59":{"start":{"line":173,"column":8},"end":{"line":173,"column":67}},"60":{"start":{"line":181,"column":8},"end":{"line":181,"column":38}},"61":{"start":{"line":182,"column":8},"end":{"line":182,"column":36}},"62":{"start":{"line":183,"column":8},"end":{"line":183,"column":65}},"63":{"start":{"line":184,"column":8},"end":{"line":184,"column":9358}},"64":{"start":{"line":186,"column":12},"end":{"line":186,"column":82}},"65":{"start":{"line":188,"column":12},"end":{"line":188,"column":122}},"66":{"start":{"line":189,"column":12},"end":{"line":189,"column":39}},"67":{"start":{"line":190,"column":12},"end":{"line":190,"column":78}},"68":{"start":{"line":192,"column":12},"end":{"line":192,"column":9913}},"69":{"start":{"line":193,"column":16},"end":{"line":193,"column":84}},"70":{"start":{"line":194,"column":16},"end":{"line":194,"column":120}},"71":{"start":{"line":198,"column":16},"end":{"line":198,"column":106}},"72":{"start":{"line":201,"column":8},"end":{"line":201,"column":19}},"73":{"start":{"line":205,"column":8},"end":{"line":205,"column":92}},"74":{"start":{"line":209,"column":8},"end":{"line":209,"column":66}},"75":{"start":{"line":213,"column":8},"end":{"line":213,"column":57}},"76":{"start":{"line":214,"column":8},"end":{"line":214,"column":63}},"77":{"start":{"line":222,"column":8},"end":{"line":222,"column":98}},"78":{"start":{"line":223,"column":8},"end":{"line":223,"column":55}},"79":{"start":{"line":224,"column":8},"end":{"line":224,"column":80}},"80":{"start":{"line":225,"column":8},"end":{"line":225,"column":80}},"81":{"start":{"line":226,"column":8},"end":{"line":226,"column":83}},"82":{"start":{"line":227,"column":8},"end":{"line":227,"column":19}},"83":{"start":{"line":231,"column":8},"end":{"line":231,"column":77}},"84":{"start":{"line":235,"column":8},"end":{"line":235,"column":88}},"85":{"start":{"line":236,"column":8},"end":{"line":236,"column":28}},"86":{"start":{"line":236,"column":20},"end":{"line":236,"column":28}},"87":{"start":{"line":237,"column":8},"end":{"line":237,"column":69}},"88":{"start":{"line":247,"column":8},"end":{"line":247,"column":98}},"89":{"start":{"line":248,"column":8},"end":{"line":248,"column":55}},"90":{"start":{"line":249,"column":8},"end":{"line":249,"column":135}},"91":{"start":{"line":250,"column":8},"end":{"line":250,"column":94}},"92":{"start":{"line":261,"column":8},"end":{"line":261,"column":57}},"93":{"start":{"line":262,"column":8},"end":{"line":262,"column":82}},"94":{"start":{"line":263,"column":8},"end":{"line":263,"column":52}},"95":{"start":{"line":264,"column":8},"end":{"line":264,"column":128}},"96":{"start":{"line":267,"column":8},"end":{"line":267,"column":67}},"97":{"start":{"line":273,"column":8},"end":{"line":273,"column":80}},"98":{"start":{"line":274,"column":8},"end":{"line":274,"column":13987}},"99":{"start":{"line":275,"column":12},"end":{"line":275,"column":14054}},"100":{"start":{"line":276,"column":16},"end":{"line":276,"column":32}},"101":{"start":{"line":279,"column":8},"end":{"line":279,"column":25}},"102":{"start":{"line":289,"column":8},"end":{"line":289,"column":148}},"103":{"start":{"line":294,"column":8},"end":{"line":294,"column":55}},"104":{"start":{"line":295,"column":8},"end":{"line":295,"column":29}},"105":{"start":{"line":296,"column":8},"end":{"line":296,"column":14846}},"106":{"start":{"line":297,"column":12},"end":{"line":297,"column":53}},"107":{"start":{"line":298,"column":12},"end":{"line":298,"column":31}},"108":{"start":{"line":300,"column":8},"end":{"line":300,"column":21}}},"branchMap":{"1":{"line":28,"type":"if","locations":[{"start":{"line":28,"column":8},"end":{"line":28,"column":8}},{"start":{"line":28,"column":8},"end":{"line":28,"column":8}}]},"2":{"line":29,"type":"if","locations":[{"start":{"line":29,"column":8},"end":{"line":29,"column":8}},{"start":{"line":29,"column":8},"end":{"line":29,"column":8}}]},"3":{"line":30,"type":"if","locations":[{"start":{"line":30,"column":8},"end":{"line":30,"column":8}},{"start":{"line":30,"column":8},"end":{"line":30,"column":8}}]},"4":{"line":38,"type":"if","locations":[{"start":{"line":38,"column":8},"end":{"line":38,"column":8}},{"start":{"line":38,"column":8},"end":{"line":38,"column":8}}]},"5":{"line":73,"type":"if","locations":[{"start":{"line":73,"column":12},"end":{"line":73,"column":12}},{"start":{"line":73,"column":12},"end":{"line":73,"column":12}}]},"6":{"line":76,"type":"if","locations":[{"start":{"line":76,"column":12},"end":{"line":76,"column":12}},{"start":{"line":76,"column":12},"end":{"line":76,"column":12}}]},"7":{"line":80,"type":"if","locations":[{"start":{"line":80,"column":16},"end":{"line":80,"column":16}},{"start":{"line":80,"column":16},"end":{"line":80,"column":16}}]},"8":{"line":81,"type":"if","locations":[{"start":{"line":81,"column":20},"end":{"line":81,"column":20}},{"start":{"line":81,"column":20},"end":{"line":81,"column":20}}]},"9":{"line":82,"type":"if","locations":[{"start":{"line":82,"column":24},"end":{"line":82,"column":24}},{"start":{"line":82,"column":24},"end":{"line":82,"column":24}}]},"10":{"line":84,"type":"if","locations":[{"start":{"line":84,"column":24},"end":{"line":84,"column":24}},{"start":{"line":84,"column":24},"end":{"line":84,"column":24}}]},"11":{"line":90,"type":"if","locations":[{"start":{"line":90,"column":16},"end":{"line":90,"column":16}},{"start":{"line":90,"column":16},"end":{"line":90,"column":16}}]},"12":{"line":93,"type":"if","locations":[{"start":{"line":93,"column":8},"end":{"line":93,"column":8}},{"start":{"line":93,"column":8},"end":{"line":93,"column":8}}]},"13":{"line":98,"type":"if","locations":[{"start":{"line":98,"column":12},"end":{"line":98,"column":12}},{"start":{"line":98,"column":12},"end":{"line":98,"column":12}}]},"14":{"line":101,"type":"if","locations":[{"start":{"line":101,"column":16},"end":{"line":101,"column":16}},{"start":{"line":101,"column":16},"end":{"line":101,"column":16}}]},"15":{"line":111,"type":"if","locations":[{"start":{"line":111,"column":12},"end":{"line":111,"column":12}},{"start":{"line":111,"column":12},"end":{"line":111,"column":12}}]},"16":{"line":112,"type":"if","locations":[{"start":{"line":112,"column":16},"end":{"line":112,"column":16}},{"start":{"line":112,"column":16},"end":{"line":112,"column":16}}]},"17":{"line":127,"type":"if","locations":[{"start":{"line":127,"column":8},"end":{"line":127,"column":8}},{"start":{"line":127,"column":8},"end":{"line":127,"column":8}}]},"18":{"line":129,"type":"if","locations":[{"start":{"line":129,"column":8},"end":{"line":129,"column":8}},{"start":{"line":129,"column":8},"end":{"line":129,"column":8}}]},"19":{"line":131,"type":"if","locations":[{"start":{"line":131,"column":8},"end":{"line":131,"column":8}},{"start":{"line":131,"column":8},"end":{"line":131,"column":8}}]},"20":{"line":148,"type":"if","locations":[{"start":{"line":148,"column":12},"end":{"line":148,"column":12}},{"start":{"line":148,"column":12},"end":{"line":148,"column":12}}]},"21":{"line":164,"type":"if","locations":[{"start":{"line":164,"column":8},"end":{"line":164,"column":8}},{"start":{"line":164,"column":8},"end":{"line":164,"column":8}}]},"22":{"line":186,"type":"if","locations":[{"start":{"line":186,"column":12},"end":{"line":186,"column":12}},{"start":{"line":186,"column":12},"end":{"line":186,"column":12}}]},"23":{"line":192,"type":"if","locations":[{"start":{"line":192,"column":12},"end":{"line":192,"column":12}},{"start":{"line":192,"column":12},"end":{"line":192,"column":12}}]},"24":{"line":223,"type":"if","locations":[{"start":{"line":223,"column":8},"end":{"line":223,"column":8}},{"start":{"line":223,"column":8},"end":{"line":223,"column":8}}]},"25":{"line":225,"type":"if","locations":[{"start":{"line":225,"column":8},"end":{"line":225,"column":8}},{"start":{"line":225,"column":8},"end":{"line":225,"column":8}}]},"26":{"line":226,"type":"if","locations":[{"start":{"line":226,"column":8},"end":{"line":226,"column":8}},{"start":{"line":226,"column":8},"end":{"line":226,"column":8}}]},"27":{"line":236,"type":"if","locations":[{"start":{"line":236,"column":8},"end":{"line":236,"column":8}},{"start":{"line":236,"column":8},"end":{"line":236,"column":8}}]},"28":{"line":248,"type":"if","locations":[{"start":{"line":248,"column":8},"end":{"line":248,"column":8}},{"start":{"line":248,"column":8},"end":{"line":248,"column":8}}]},"29":{"line":249,"type":"if","locations":[{"start":{"line":249,"column":8},"end":{"line":249,"column":8}},{"start":{"line":249,"column":8},"end":{"line":249,"column":8}}]},"30":{"line":263,"type":"if","locations":[{"start":{"line":263,"column":8},"end":{"line":263,"column":8}},{"start":{"line":263,"column":8},"end":{"line":263,"column":8}}]},"31":{"line":264,"type":"if","locations":[{"start":{"line":264,"column":8},"end":{"line":264,"column":8}},{"start":{"line":264,"column":8},"end":{"line":264,"column":8}}]},"32":{"line":275,"type":"if","locations":[{"start":{"line":275,"column":12},"end":{"line":275,"column":12}},{"start":{"line":275,"column":12},"end":{"line":275,"column":12}}]}}},"contracts/StorageStructure.sol":{"l":{"84":715},"path":"/home/svm/src/treetrunk-nft/solidity/contracts/StorageStructure.sol","s":{"1":715},"b":{},"f":{"1":715},"fnMap":{"1":{"name":"_isSameString","line":83,"loc":{"start":{"line":83,"column":4},"end":{"line":85,"column":4}}}},"statementMap":{"1":{"start":{"line":84,"column":8},"end":{"line":84,"column":86}}},"branchMap":{}}}